2024-05-22 12:35:39,453 INFO  - Log Configuration was overridden by /Users/jackb/Code/Master/Backend/staiged_backend/broker/mqtt_embedded_conf/conf/logback.xml
2024-05-22 12:35:39,371 INFO  - Starting HiveMQ Community Edition Server
2024-05-22 12:35:39,471 INFO  - This HiveMQ ID is f0uFu
2024-05-22 12:35:49,593 INFO  - Starting with file persistence mode.
2024-05-22 12:35:50,240 INFO  - Starting HiveMQ extension system.
2024-05-22 13:13:39,608 INFO  - Log Configuration was overridden by /Users/jackb/Code/Master/Backend/staiged_backend/broker/mqtt_embedded_conf/conf/logback.xml
2024-05-22 13:13:39,528 INFO  - Starting HiveMQ Community Edition Server
2024-05-22 13:13:39,624 INFO  - This HiveMQ ID is IWbMp
2024-05-22 13:13:51,715 INFO  - Starting with file persistence mode.
2024-05-22 13:13:52,392 INFO  - Starting HiveMQ extension system.
2024-05-22 13:13:52,455 WARN  - 
################################################################################################################
# This HiveMQ deployment is not secure! You are lacking Authentication and Authorization.                      #
# Right now any MQTT client can connect to the broker with a full set of permissions.                          #
# For production usage, add an appropriate security extension and remove the hivemq-allow-all extension.       #
# You can download security extensions from the HiveMQ Marketplace (https://www.hivemq.com/extensions/).       #
################################################################################################################
2024-05-22 13:13:52,456 INFO  - Extension "Allow All Extension" version 1.0.0 started successfully.
2024-05-22 13:13:52,494 INFO  - Starting TCP listener on address 0.0.0.0 and port 1883
2024-05-22 13:13:52,576 INFO  - Started TCP Listener on address 0.0.0.0 and on port 1883.
2024-05-22 13:13:52,577 INFO  - Started EmbeddedHiveMQ in 13248ms
2024-05-22 13:13:52,577 INFO  - Embedded MQTT server started successfully.
2024-05-22 13:16:08,749 INFO  - Log Configuration was overridden by /Users/jackb/Code/Master/Backend/staiged_backend/broker/mqtt_embedded_conf/conf/logback.xml
2024-05-22 13:16:08,675 INFO  - Starting HiveMQ Community Edition Server
2024-05-22 13:16:08,764 INFO  - This HiveMQ ID is xAftg
2024-05-22 13:16:19,770 INFO  - Starting with file persistence mode.
2024-05-22 13:16:20,570 INFO  - Starting HiveMQ extension system.
2024-05-22 13:16:20,641 WARN  - 
################################################################################################################
# This HiveMQ deployment is not secure! You are lacking Authentication and Authorization.                      #
# Right now any MQTT client can connect to the broker with a full set of permissions.                          #
# For production usage, add an appropriate security extension and remove the hivemq-allow-all extension.       #
# You can download security extensions from the HiveMQ Marketplace (https://www.hivemq.com/extensions/).       #
################################################################################################################
2024-05-22 13:16:20,642 INFO  - Extension "Allow All Extension" version 1.0.0 started successfully.
2024-05-22 13:16:20,693 INFO  - Starting TCP listener on address 0.0.0.0 and port 1883
2024-05-22 13:16:20,762 INFO  - Started TCP Listener on address 0.0.0.0 and on port 1883.
2024-05-22 13:16:20,763 INFO  - Started EmbeddedHiveMQ in 12279ms
2024-05-22 13:16:20,763 INFO  - Embedded MQTT server started successfully.
2024-05-22 13:17:20,852 INFO  - Log Configuration was overridden by /Users/jackb/Code/Master/Backend/staiged_backend/broker/mqtt_embedded_conf/conf/logback.xml
2024-05-22 13:17:20,781 INFO  - Starting HiveMQ Community Edition Server
2024-05-22 13:17:20,865 INFO  - This HiveMQ ID is D3UwT
2024-05-22 13:17:33,191 INFO  - Starting with file persistence mode.
2024-05-22 13:17:34,109 INFO  - Starting HiveMQ extension system.
2024-05-22 13:17:34,226 WARN  - 
################################################################################################################
# This HiveMQ deployment is not secure! You are lacking Authentication and Authorization.                      #
# Right now any MQTT client can connect to the broker with a full set of permissions.                          #
# For production usage, add an appropriate security extension and remove the hivemq-allow-all extension.       #
# You can download security extensions from the HiveMQ Marketplace (https://www.hivemq.com/extensions/).       #
################################################################################################################
2024-05-22 13:17:34,228 INFO  - Extension "Allow All Extension" version 1.0.0 started successfully.
2024-05-22 13:17:34,285 INFO  - Starting TCP listener on address 0.0.0.0 and port 1883
2024-05-22 13:17:34,369 INFO  - Started TCP Listener on address 0.0.0.0 and on port 1883.
2024-05-22 13:17:34,370 INFO  - Started EmbeddedHiveMQ in 13786ms
2024-05-22 13:17:34,370 INFO  - Embedded MQTT server started successfully.
2024-05-22 13:21:34,256 INFO  - Stopping EmbeddedHiveMQ.
2024-05-22 13:21:34,277 INFO  - Shutting down HiveMQ. Please wait, this could take a while...
2024-05-22 13:21:36,404 INFO  - Shutting down extension system
2024-05-22 13:21:36,411 INFO  - Extension "Allow All Extension" version 1.0.0 stopped successfully.
2024-05-22 13:21:42,047 INFO  - Shutdown completed.
2024-05-22 13:21:42,050 INFO  - Stopped EmbeddedHiveMQ in 7780ms
2024-05-22 13:21:42,050 INFO  - Closing EmbeddedHiveMQ.
2024-05-22 13:21:42,051 INFO  - Embedded MQTT server stopped.
2024-05-22 13:23:59,014 INFO  - Log Configuration was overridden by /Users/jackb/Code/Master/Backend/staiged_backend/broker/mqtt_embedded_conf/conf/logback.xml
2024-05-22 13:23:58,923 INFO  - Starting HiveMQ Community Edition Server
2024-05-22 13:23:59,028 INFO  - This HiveMQ ID is vqNRM
2024-05-22 13:24:10,935 INFO  - Starting with file persistence mode.
2024-05-22 13:24:11,638 INFO  - Starting HiveMQ extension system.
2024-05-22 13:24:11,716 WARN  - 
################################################################################################################
# This HiveMQ deployment is not secure! You are lacking Authentication and Authorization.                      #
# Right now any MQTT client can connect to the broker with a full set of permissions.                          #
# For production usage, add an appropriate security extension and remove the hivemq-allow-all extension.       #
# You can download security extensions from the HiveMQ Marketplace (https://www.hivemq.com/extensions/).       #
################################################################################################################
2024-05-22 13:24:11,717 INFO  - Extension "Allow All Extension" version 1.0.0 started successfully.
2024-05-22 13:24:11,763 INFO  - Starting TCP listener on address 0.0.0.0 and port 1883
2024-05-22 13:24:11,828 INFO  - Started TCP Listener on address 0.0.0.0 and on port 1883.
2024-05-22 13:24:11,828 INFO  - Started EmbeddedHiveMQ in 13125ms
2024-05-22 13:24:11,828 INFO  - Embedded MQTT server started successfully.
2024-05-22 13:31:22,489 INFO  - Log Configuration was overridden by /Users/jackb/Code/Master/Backend/staiged_backend/broker/mqtt_embedded_conf/conf/logback.xml
2024-05-22 13:31:22,402 INFO  - Starting HiveMQ Community Edition Server
2024-05-22 13:31:22,504 INFO  - This HiveMQ ID is 5TWGX
2024-05-22 13:31:33,730 INFO  - Starting with file persistence mode.
2024-05-22 13:31:34,408 INFO  - Starting HiveMQ extension system.
2024-05-22 13:31:34,493 WARN  - 
################################################################################################################
# This HiveMQ deployment is not secure! You are lacking Authentication and Authorization.                      #
# Right now any MQTT client can connect to the broker with a full set of permissions.                          #
# For production usage, add an appropriate security extension and remove the hivemq-allow-all extension.       #
# You can download security extensions from the HiveMQ Marketplace (https://www.hivemq.com/extensions/).       #
################################################################################################################
2024-05-22 13:31:34,494 INFO  - Extension "Allow All Extension" version 1.0.0 started successfully.
2024-05-22 13:31:34,529 INFO  - Starting TCP listener on address 0.0.0.0 and port 1883
2024-05-22 13:31:34,598 INFO  - Started TCP Listener on address 0.0.0.0 and on port 1883.
2024-05-22 13:31:34,599 INFO  - Started EmbeddedHiveMQ in 12487ms
2024-05-22 13:31:34,599 INFO  - Embedded MQTT server started successfully.
2024-05-22 13:32:59,684 INFO  - Log Configuration was overridden by /Users/jackb/Code/Master/Backend/staiged_backend/broker/mqtt_embedded_conf/conf/logback.xml
2024-05-22 13:32:59,596 INFO  - Starting HiveMQ Community Edition Server
2024-05-22 13:32:59,699 INFO  - This HiveMQ ID is 3WBwy
2024-05-22 13:33:11,417 INFO  - Starting with file persistence mode.
2024-05-22 13:33:13,205 INFO  - Starting HiveMQ extension system.
2024-05-22 13:33:13,335 WARN  - 
################################################################################################################
# This HiveMQ deployment is not secure! You are lacking Authentication and Authorization.                      #
# Right now any MQTT client can connect to the broker with a full set of permissions.                          #
# For production usage, add an appropriate security extension and remove the hivemq-allow-all extension.       #
# You can download security extensions from the HiveMQ Marketplace (https://www.hivemq.com/extensions/).       #
################################################################################################################
2024-05-22 13:33:13,336 INFO  - Extension "Allow All Extension" version 1.0.0 started successfully.
2024-05-22 13:33:13,402 INFO  - Starting TCP listener on address 0.0.0.0 and port 1883
2024-05-22 13:33:13,486 INFO  - Started TCP Listener on address 0.0.0.0 and on port 1883.
2024-05-22 13:33:13,486 INFO  - Started EmbeddedHiveMQ in 14134ms
2024-05-22 13:33:13,486 INFO  - Embedded MQTT server started successfully.
2024-05-22 13:34:58,227 INFO  - Log Configuration was overridden by /Users/jackb/Code/Master/Backend/staiged_backend/broker/mqtt_embedded_conf/conf/logback.xml
2024-05-22 13:34:58,148 INFO  - Starting HiveMQ Community Edition Server
2024-05-22 13:34:58,245 INFO  - This HiveMQ ID is Bdl7I
2024-05-22 13:35:10,351 INFO  - Starting with file persistence mode.
2024-05-22 13:35:11,675 INFO  - Starting HiveMQ extension system.
2024-05-22 13:35:11,801 WARN  - 
################################################################################################################
# This HiveMQ deployment is not secure! You are lacking Authentication and Authorization.                      #
# Right now any MQTT client can connect to the broker with a full set of permissions.                          #
# For production usage, add an appropriate security extension and remove the hivemq-allow-all extension.       #
# You can download security extensions from the HiveMQ Marketplace (https://www.hivemq.com/extensions/).       #
################################################################################################################
2024-05-22 13:35:11,802 INFO  - Extension "Allow All Extension" version 1.0.0 started successfully.
2024-05-22 13:35:11,851 INFO  - Starting TCP listener on address 0.0.0.0 and port 1883
2024-05-22 13:35:11,927 INFO  - Started TCP Listener on address 0.0.0.0 and on port 1883.
2024-05-22 13:35:11,928 INFO  - Started EmbeddedHiveMQ in 14006ms
2024-05-22 13:35:11,928 INFO  - Embedded MQTT server started successfully.
2024-05-22 13:37:00,833 INFO  - Log Configuration was overridden by /Users/jackb/Code/Master/Backend/staiged_backend/broker/mqtt_embedded_conf/conf/logback.xml
2024-05-22 13:37:00,761 INFO  - Starting HiveMQ Community Edition Server
2024-05-22 13:37:00,847 INFO  - This HiveMQ ID is yByYn
2024-05-22 13:37:25,599 INFO  - Log Configuration was overridden by /Users/jackb/Code/Master/Backend/staiged_backend/broker/mqtt_embedded_conf/conf/logback.xml
2024-05-22 13:37:25,459 INFO  - Starting HiveMQ Community Edition Server
2024-05-22 13:37:25,628 INFO  - This HiveMQ ID is 2flxA
2024-05-22 13:37:36,922 INFO  - Starting with file persistence mode.
2024-05-22 13:37:37,643 INFO  - Starting HiveMQ extension system.
2024-05-22 13:37:37,724 WARN  - 
################################################################################################################
# This HiveMQ deployment is not secure! You are lacking Authentication and Authorization.                      #
# Right now any MQTT client can connect to the broker with a full set of permissions.                          #
# For production usage, add an appropriate security extension and remove the hivemq-allow-all extension.       #
# You can download security extensions from the HiveMQ Marketplace (https://www.hivemq.com/extensions/).       #
################################################################################################################
2024-05-22 13:37:37,725 INFO  - Extension "Allow All Extension" version 1.0.0 started successfully.
2024-05-22 13:37:37,762 INFO  - Starting TCP listener on address 0.0.0.0 and port 1883
2024-05-22 13:37:37,820 INFO  - Started TCP Listener on address 0.0.0.0 and on port 1883.
2024-05-22 13:37:37,821 INFO  - Embedded MQTT server started successfully.
2024-05-22 13:37:37,821 INFO  - Started EmbeddedHiveMQ in 12813ms
2024-05-22 13:44:34,836 INFO  - Log Configuration was overridden by /Users/jackb/Code/Master/Backend/staiged_backend/broker/mqtt_embedded_conf/conf/logback.xml
2024-05-22 13:44:34,752 INFO  - Starting HiveMQ Community Edition Server
2024-05-22 13:44:34,854 INFO  - This HiveMQ ID is 4BySO
2024-05-22 13:44:46,551 INFO  - Starting with file persistence mode.
2024-05-22 13:44:47,535 INFO  - Starting HiveMQ extension system.
2024-05-22 13:44:47,685 WARN  - 
################################################################################################################
# This HiveMQ deployment is not secure! You are lacking Authentication and Authorization.                      #
# Right now any MQTT client can connect to the broker with a full set of permissions.                          #
# For production usage, add an appropriate security extension and remove the hivemq-allow-all extension.       #
# You can download security extensions from the HiveMQ Marketplace (https://www.hivemq.com/extensions/).       #
################################################################################################################
2024-05-22 13:44:47,686 INFO  - Extension "Allow All Extension" version 1.0.0 started successfully.
2024-05-22 13:44:47,766 INFO  - Starting TCP listener on address 0.0.0.0 and port 1883
2024-05-22 13:44:47,841 INFO  - Started TCP Listener on address 0.0.0.0 and on port 1883.
2024-05-22 13:44:47,841 INFO  - Started EmbeddedHiveMQ in 13625ms
2024-05-22 13:44:47,841 INFO  - Embedded MQTT server started successfully.
2024-05-22 18:29:22,262 INFO  - Log Configuration was overridden by /Users/jackb/Code/Master/Backend/staiged_backend/broker/mqtt_embedded_conf/conf/logback.xml
2024-05-22 18:29:21,876 INFO  - Starting HiveMQ Community Edition Server
2024-05-22 18:29:22,296 INFO  - This HiveMQ ID is oCctM
2024-05-22 18:29:34,152 INFO  - Starting with file persistence mode.
2024-05-22 18:29:36,209 INFO  - Starting HiveMQ extension system.
2024-05-22 18:29:36,450 WARN  - 
################################################################################################################
# This HiveMQ deployment is not secure! You are lacking Authentication and Authorization.                      #
# Right now any MQTT client can connect to the broker with a full set of permissions.                          #
# For production usage, add an appropriate security extension and remove the hivemq-allow-all extension.       #
# You can download security extensions from the HiveMQ Marketplace (https://www.hivemq.com/extensions/).       #
################################################################################################################
2024-05-22 18:29:36,452 INFO  - Extension "Allow All Extension" version 1.0.0 started successfully.
2024-05-22 18:29:36,553 INFO  - Starting TCP listener on address 0.0.0.0 and port 1883
2024-05-22 18:29:36,705 INFO  - Started TCP Listener on address 0.0.0.0 and on port 1883.
2024-05-22 18:29:36,706 INFO  - Started EmbeddedHiveMQ in 15236ms
2024-05-22 18:29:36,708 INFO  - Embedded MQTT server started successfully.
2024-05-22 18:32:31,431 INFO  - Log Configuration was overridden by /Users/jackb/Code/Master/Backend/staiged_backend/broker/mqtt_embedded_conf/conf/logback.xml
2024-05-22 18:32:31,333 INFO  - Starting HiveMQ Community Edition Server
2024-05-22 18:32:31,450 INFO  - This HiveMQ ID is VAVds
2024-05-22 18:32:42,516 INFO  - Starting with file persistence mode.
2024-05-22 18:32:43,358 INFO  - Starting HiveMQ extension system.
2024-05-22 18:32:43,726 WARN  - 
################################################################################################################
# This HiveMQ deployment is not secure! You are lacking Authentication and Authorization.                      #
# Right now any MQTT client can connect to the broker with a full set of permissions.                          #
# For production usage, add an appropriate security extension and remove the hivemq-allow-all extension.       #
# You can download security extensions from the HiveMQ Marketplace (https://www.hivemq.com/extensions/).       #
################################################################################################################
2024-05-22 18:32:43,728 INFO  - Extension "Allow All Extension" version 1.0.0 started successfully.
2024-05-22 18:32:43,773 INFO  - Starting TCP listener on address 0.0.0.0 and port 1883
2024-05-22 18:32:43,876 INFO  - Started TCP Listener on address 0.0.0.0 and on port 1883.
2024-05-22 18:32:43,877 INFO  - Embedded MQTT server started successfully.
2024-05-22 18:32:43,877 INFO  - Started EmbeddedHiveMQ in 12797ms
2024-05-22 19:00:15,678 INFO  - Log Configuration was overridden by /Users/jackb/Code/Master/Backend/staiged_backend/broker/mqtt_embedded_conf/conf/logback.xml
2024-05-22 19:00:15,557 INFO  - Starting HiveMQ Community Edition Server
2024-05-22 19:00:15,712 INFO  - This HiveMQ ID is Yemu5
2024-05-22 19:00:25,680 INFO  - Starting with file persistence mode.
2024-05-22 19:00:26,370 INFO  - Starting HiveMQ extension system.
2024-05-22 19:00:26,441 WARN  - 
################################################################################################################
# This HiveMQ deployment is not secure! You are lacking Authentication and Authorization.                      #
# Right now any MQTT client can connect to the broker with a full set of permissions.                          #
# For production usage, add an appropriate security extension and remove the hivemq-allow-all extension.       #
# You can download security extensions from the HiveMQ Marketplace (https://www.hivemq.com/extensions/).       #
################################################################################################################
2024-05-22 19:00:26,442 INFO  - Extension "Allow All Extension" version 1.0.0 started successfully.
2024-05-22 19:00:26,482 INFO  - Starting TCP listener on address 0.0.0.0 and port 1883
2024-05-22 19:00:26,558 INFO  - Started TCP Listener on address 0.0.0.0 and on port 1883.
2024-05-22 19:00:26,558 INFO  - Embedded MQTT server started successfully.
2024-05-22 19:00:26,558 INFO  - Started EmbeddedHiveMQ in 11349ms
2024-05-22 19:05:40,766 INFO  - Log Configuration was overridden by /Users/jackb/Code/Master/Backend/staiged_backend/broker/mqtt_embedded_conf/conf/logback.xml
2024-05-22 19:05:40,667 INFO  - Starting HiveMQ Community Edition Server
2024-05-22 19:05:40,789 INFO  - This HiveMQ ID is B6hb9
2024-05-22 19:05:51,755 INFO  - Starting with file persistence mode.
2024-05-22 19:05:52,569 INFO  - Starting HiveMQ extension system.
2024-05-22 19:05:52,656 WARN  - 
################################################################################################################
# This HiveMQ deployment is not secure! You are lacking Authentication and Authorization.                      #
# Right now any MQTT client can connect to the broker with a full set of permissions.                          #
# For production usage, add an appropriate security extension and remove the hivemq-allow-all extension.       #
# You can download security extensions from the HiveMQ Marketplace (https://www.hivemq.com/extensions/).       #
################################################################################################################
2024-05-22 19:05:52,657 INFO  - Extension "Allow All Extension" version 1.0.0 started successfully.
2024-05-22 19:05:52,708 INFO  - Starting TCP listener on address 0.0.0.0 and port 1883
2024-05-22 19:05:52,800 INFO  - Started TCP Listener on address 0.0.0.0 and on port 1883.
2024-05-22 19:05:52,800 INFO  - Started EmbeddedHiveMQ in 12401ms
2024-05-22 19:05:52,801 INFO  - Embedded MQTT server started successfully.
2024-05-22 19:09:38,148 INFO  - Log Configuration was overridden by /Users/jackb/Code/Master/Backend/staiged_backend/broker/mqtt_embedded_conf/conf/logback.xml
2024-05-22 19:09:38,050 INFO  - Starting HiveMQ Community Edition Server
2024-05-22 19:09:38,165 INFO  - This HiveMQ ID is yegX6
2024-05-22 19:09:49,001 INFO  - Starting with file persistence mode.
2024-05-22 19:09:49,867 INFO  - Starting HiveMQ extension system.
2024-05-22 19:09:50,025 WARN  - 
################################################################################################################
# This HiveMQ deployment is not secure! You are lacking Authentication and Authorization.                      #
# Right now any MQTT client can connect to the broker with a full set of permissions.                          #
# For production usage, add an appropriate security extension and remove the hivemq-allow-all extension.       #
# You can download security extensions from the HiveMQ Marketplace (https://www.hivemq.com/extensions/).       #
################################################################################################################
2024-05-22 19:09:50,026 INFO  - Extension "Allow All Extension" version 1.0.0 started successfully.
2024-05-22 19:09:50,078 INFO  - Starting TCP listener on address 0.0.0.0 and port 1883
2024-05-22 19:09:50,156 INFO  - Started TCP Listener on address 0.0.0.0 and on port 1883.
2024-05-22 19:09:50,156 INFO  - Started EmbeddedHiveMQ in 12586ms
2024-05-22 19:09:50,156 INFO  - Embedded MQTT server started successfully.
2024-05-22 19:10:09,730 INFO  - Log Configuration was overridden by /Users/jackb/Code/Master/Backend/staiged_backend/broker/mqtt_embedded_conf/conf/logback.xml
2024-05-22 19:10:09,620 INFO  - Starting HiveMQ Community Edition Server
2024-05-22 19:10:09,751 INFO  - This HiveMQ ID is skkFk
2024-05-22 19:10:21,549 INFO  - Starting with file persistence mode.
2024-05-22 19:10:22,952 INFO  - Starting HiveMQ extension system.
2024-05-22 19:10:23,074 WARN  - 
################################################################################################################
# This HiveMQ deployment is not secure! You are lacking Authentication and Authorization.                      #
# Right now any MQTT client can connect to the broker with a full set of permissions.                          #
# For production usage, add an appropriate security extension and remove the hivemq-allow-all extension.       #
# You can download security extensions from the HiveMQ Marketplace (https://www.hivemq.com/extensions/).       #
################################################################################################################
2024-05-22 19:10:23,075 INFO  - Extension "Allow All Extension" version 1.0.0 started successfully.
2024-05-22 19:10:23,174 INFO  - Starting TCP listener on address 0.0.0.0 and port 1883
2024-05-22 19:10:23,264 INFO  - Started TCP Listener on address 0.0.0.0 and on port 1883.
2024-05-22 19:10:23,265 INFO  - Started EmbeddedHiveMQ in 14143ms
2024-05-22 19:10:23,274 INFO  - Embedded MQTT server started successfully.
2024-05-22 19:11:12,123 INFO  - Log Configuration was overridden by /Users/jackb/Code/Master/Backend/staiged_backend/broker/mqtt_embedded_conf/conf/logback.xml
2024-05-22 19:11:11,978 INFO  - Starting HiveMQ Community Edition Server
2024-05-22 19:11:12,144 INFO  - This HiveMQ ID is lhxTC
2024-05-22 19:11:24,901 INFO  - Starting with file persistence mode.
2024-05-22 19:11:28,357 INFO  - Starting HiveMQ extension system.
2024-05-22 19:11:28,782 WARN  - 
################################################################################################################
# This HiveMQ deployment is not secure! You are lacking Authentication and Authorization.                      #
# Right now any MQTT client can connect to the broker with a full set of permissions.                          #
# For production usage, add an appropriate security extension and remove the hivemq-allow-all extension.       #
# You can download security extensions from the HiveMQ Marketplace (https://www.hivemq.com/extensions/).       #
################################################################################################################
2024-05-22 19:11:28,784 INFO  - Extension "Allow All Extension" version 1.0.0 started successfully.
2024-05-22 19:11:28,937 INFO  - Starting TCP listener on address 0.0.0.0 and port 1883
2024-05-22 19:11:29,228 INFO  - Started TCP Listener on address 0.0.0.0 and on port 1883.
2024-05-22 19:11:29,231 INFO  - Started EmbeddedHiveMQ in 17770ms
2024-05-22 19:11:29,232 INFO  - Embedded MQTT server started successfully.
2024-05-22 19:31:03,437 INFO  - Log Configuration was overridden by /Users/jackb/Code/Master/Backend/staiged_backend/broker/mqtt_embedded_conf/conf/logback.xml
2024-05-22 19:31:03,333 INFO  - Starting HiveMQ Community Edition Server
2024-05-22 19:31:03,459 INFO  - This HiveMQ ID is neG8n
2024-05-22 19:31:15,121 INFO  - Starting with file persistence mode.
2024-05-22 19:31:17,053 INFO  - Starting HiveMQ extension system.
2024-05-22 19:31:17,178 WARN  - 
################################################################################################################
# This HiveMQ deployment is not secure! You are lacking Authentication and Authorization.                      #
# Right now any MQTT client can connect to the broker with a full set of permissions.                          #
# For production usage, add an appropriate security extension and remove the hivemq-allow-all extension.       #
# You can download security extensions from the HiveMQ Marketplace (https://www.hivemq.com/extensions/).       #
################################################################################################################
2024-05-22 19:31:17,179 INFO  - Extension "Allow All Extension" version 1.0.0 started successfully.
2024-05-22 19:31:17,258 INFO  - Starting TCP listener on address 0.0.0.0 and port 1883
2024-05-22 19:31:17,423 INFO  - Started TCP Listener on address 0.0.0.0 and on port 1883.
2024-05-22 19:31:17,427 INFO  - Embedded MQTT server started successfully.
2024-05-22 19:31:17,426 INFO  - Started EmbeddedHiveMQ in 14359ms
2024-05-22 20:22:10,221 INFO  - Log Configuration was overridden by /Users/jackb/Code/Master/Backend/staiged_backend/broker/mqtt_embedded_conf/conf/logback.xml
2024-05-22 20:22:10,118 INFO  - Starting HiveMQ Community Edition Server
2024-05-22 20:22:10,241 INFO  - This HiveMQ ID is AcQPa
2024-05-22 20:22:20,780 INFO  - Starting with file persistence mode.
2024-05-22 20:22:21,862 INFO  - Starting HiveMQ extension system.
2024-05-22 20:22:21,946 WARN  - 
################################################################################################################
# This HiveMQ deployment is not secure! You are lacking Authentication and Authorization.                      #
# Right now any MQTT client can connect to the broker with a full set of permissions.                          #
# For production usage, add an appropriate security extension and remove the hivemq-allow-all extension.       #
# You can download security extensions from the HiveMQ Marketplace (https://www.hivemq.com/extensions/).       #
################################################################################################################
2024-05-22 20:22:21,947 INFO  - Extension "Allow All Extension" version 1.0.0 started successfully.
2024-05-22 20:22:22,020 INFO  - Starting TCP listener on address 0.0.0.0 and port 1883
2024-05-22 20:22:22,112 INFO  - Started TCP Listener on address 0.0.0.0 and on port 1883.
2024-05-22 20:22:22,112 INFO  - Started EmbeddedHiveMQ in 12350ms
2024-05-22 20:22:22,115 INFO  - Embedded MQTT server started successfully.
2024-05-22 20:24:53,700 INFO  - Log Configuration was overridden by /Users/jackb/Code/Master/Backend/staiged_backend/broker/mqtt_embedded_conf/conf/logback.xml
2024-05-22 20:24:53,595 INFO  - Starting HiveMQ Community Edition Server
2024-05-22 20:24:53,722 INFO  - This HiveMQ ID is Lq1cp
2024-05-22 20:25:06,467 INFO  - Starting with file persistence mode.
2024-05-22 20:25:09,654 INFO  - Starting HiveMQ extension system.
2024-05-22 20:25:09,897 WARN  - 
################################################################################################################
# This HiveMQ deployment is not secure! You are lacking Authentication and Authorization.                      #
# Right now any MQTT client can connect to the broker with a full set of permissions.                          #
# For production usage, add an appropriate security extension and remove the hivemq-allow-all extension.       #
# You can download security extensions from the HiveMQ Marketplace (https://www.hivemq.com/extensions/).       #
################################################################################################################
2024-05-22 20:25:09,899 INFO  - Extension "Allow All Extension" version 1.0.0 started successfully.
2024-05-22 20:25:10,061 INFO  - Starting TCP listener on address 0.0.0.0 and port 1883
2024-05-22 20:25:10,357 INFO  - Started TCP Listener on address 0.0.0.0 and on port 1883.
2024-05-22 20:25:10,357 INFO  - Started EmbeddedHiveMQ in 17123ms
2024-05-22 20:25:10,358 INFO  - Embedded MQTT server started successfully.
2024-05-22 23:22:41,990 INFO  - Log Configuration was overridden by /Users/jackb/Code/Master/Backend/staiged_backend/broker/mqtt_embedded_conf/conf/logback.xml
2024-05-22 23:22:41,858 INFO  - Starting HiveMQ Community Edition Server
2024-05-22 23:22:42,008 INFO  - This HiveMQ ID is 4fGgA
2024-05-22 23:22:50,978 INFO  - Starting with file persistence mode.
2024-05-22 23:22:52,664 INFO  - Starting HiveMQ extension system.
2024-05-22 23:22:52,803 WARN  - 
################################################################################################################
# This HiveMQ deployment is not secure! You are lacking Authentication and Authorization.                      #
# Right now any MQTT client can connect to the broker with a full set of permissions.                          #
# For production usage, add an appropriate security extension and remove the hivemq-allow-all extension.       #
# You can download security extensions from the HiveMQ Marketplace (https://www.hivemq.com/extensions/).       #
################################################################################################################
2024-05-22 23:22:52,805 INFO  - Extension "Allow All Extension" version 1.0.0 started successfully.
2024-05-22 23:22:52,913 INFO  - Starting TCP listener on address 0.0.0.0 and port 1883
2024-05-22 23:22:53,125 INFO  - Started TCP Listener on address 0.0.0.0 and on port 1883.
2024-05-22 23:22:53,126 INFO  - Started EmbeddedHiveMQ in 11597ms
2024-05-22 23:22:53,133 INFO  - Embedded MQTT server started successfully.
2024-05-22 23:54:04,864 INFO  - Log Configuration was overridden by /Users/jackb/Code/Master/Backend/staiged_backend/broker/mqtt_embedded_conf/conf/logback.xml
2024-05-22 23:54:04,736 INFO  - Starting HiveMQ Community Edition Server
2024-05-22 23:54:04,958 INFO  - This HiveMQ ID is AbEeN
2024-05-22 23:54:17,087 INFO  - Starting with file persistence mode.
2024-05-22 23:54:21,631 INFO  - Starting HiveMQ extension system.
2024-05-22 23:54:21,978 WARN  - 
################################################################################################################
# This HiveMQ deployment is not secure! You are lacking Authentication and Authorization.                      #
# Right now any MQTT client can connect to the broker with a full set of permissions.                          #
# For production usage, add an appropriate security extension and remove the hivemq-allow-all extension.       #
# You can download security extensions from the HiveMQ Marketplace (https://www.hivemq.com/extensions/).       #
################################################################################################################
2024-05-22 23:54:21,978 INFO  - Extension "Allow All Extension" version 1.0.0 started successfully.
2024-05-22 23:54:22,155 INFO  - Starting TCP listener on address 0.0.0.0 and port 1883
2024-05-22 23:54:22,463 INFO  - Started TCP Listener on address 0.0.0.0 and on port 1883.
2024-05-22 23:54:22,464 INFO  - Started EmbeddedHiveMQ in 18205ms
2024-05-22 23:54:22,464 INFO  - Embedded MQTT server started successfully.
