2024-05-24 00:17:45,885 INFO  - Log Configuration was overridden by /Users/jackb/Code/Master/Backend/staiged_backend/broker/mqtt_embedded_conf/conf/logback.xml
2024-05-24 00:17:45,780 INFO  - Starting HiveMQ Community Edition Server
2024-05-24 00:17:45,907 INFO  - This HiveMQ ID is o0YOs
2024-05-24 00:17:55,785 INFO  - Starting with file persistence mode.
2024-05-24 00:17:56,797 INFO  - Starting HiveMQ extension system.
2024-05-24 00:17:56,855 WARN  - 
################################################################################################################
# This HiveMQ deployment is not secure! You are lacking Authentication and Authorization.                      #
# Right now any MQTT client can connect to the broker with a full set of permissions.                          #
# For production usage, add an appropriate security extension and remove the hivemq-allow-all extension.       #
# You can download security extensions from the HiveMQ Marketplace (https://www.hivemq.com/extensions/).       #
################################################################################################################
2024-05-24 00:17:56,856 INFO  - Extension "Allow All Extension" version 1.0.0 started successfully.
2024-05-24 00:17:56,897 INFO  - Starting TCP listener on address 0.0.0.0 and port 1883
2024-05-24 00:17:56,997 INFO  - Starting Websocket listener on address 0.0.0.0 and port 8000
2024-05-24 00:17:57,007 INFO  - Started TCP Listener on address 0.0.0.0 and on port 1883.
2024-05-24 00:17:57,008 INFO  - Started Websocket Listener on address 0.0.0.0 and on port 8000.
2024-05-24 00:17:57,008 INFO  - Started EmbeddedHiveMQ in 11448ms
2024-05-24 00:17:57,008 INFO  - Embedded MQTT server started successfully.
2024-05-24 00:22:24,852 INFO  - Log Configuration was overridden by /Users/jackb/Code/Master/Backend/staiged_backend/broker/mqtt_embedded_conf/conf/logback.xml
2024-05-24 00:22:24,762 INFO  - Starting HiveMQ Community Edition Server
2024-05-24 00:22:24,869 INFO  - This HiveMQ ID is XaD8R
2024-05-24 00:22:36,580 INFO  - Starting with file persistence mode.
2024-05-24 00:22:37,113 INFO  - Starting HiveMQ extension system.
2024-05-24 00:22:37,150 WARN  - 
################################################################################################################
# This HiveMQ deployment is not secure! You are lacking Authentication and Authorization.                      #
# Right now any MQTT client can connect to the broker with a full set of permissions.                          #
# For production usage, add an appropriate security extension and remove the hivemq-allow-all extension.       #
# You can download security extensions from the HiveMQ Marketplace (https://www.hivemq.com/extensions/).       #
################################################################################################################
2024-05-24 00:22:37,151 INFO  - Extension "Allow All Extension" version 1.0.0 started successfully.
2024-05-24 00:22:37,179 INFO  - Starting TCP listener on address 0.0.0.0 and port 1883
2024-05-24 00:22:37,225 INFO  - Starting Websocket listener on address 0.0.0.0 and port 8000
2024-05-24 00:22:37,231 INFO  - Started TCP Listener on address 0.0.0.0 and on port 1883.
2024-05-24 00:22:37,231 INFO  - Started Websocket Listener on address 0.0.0.0 and on port 8000.
2024-05-24 00:22:37,232 INFO  - Started EmbeddedHiveMQ in 12681ms
2024-05-24 00:22:37,232 INFO  - Embedded MQTT server started successfully.
2024-05-24 00:23:44,962 INFO  - Log Configuration was overridden by /Users/jackb/Code/Master/Backend/staiged_backend/broker/mqtt_embedded_conf/conf/logback.xml
2024-05-24 00:23:44,880 INFO  - Starting HiveMQ Community Edition Server
2024-05-24 00:23:44,975 INFO  - This HiveMQ ID is I1Try
2024-05-24 00:23:57,233 INFO  - Starting with file persistence mode.
2024-05-24 00:23:58,050 INFO  - Starting HiveMQ extension system.
2024-05-24 00:23:58,102 WARN  - 
################################################################################################################
# This HiveMQ deployment is not secure! You are lacking Authentication and Authorization.                      #
# Right now any MQTT client can connect to the broker with a full set of permissions.                          #
# For production usage, add an appropriate security extension and remove the hivemq-allow-all extension.       #
# You can download security extensions from the HiveMQ Marketplace (https://www.hivemq.com/extensions/).       #
################################################################################################################
2024-05-24 00:23:58,104 INFO  - Extension "Allow All Extension" version 1.0.0 started successfully.
2024-05-24 00:23:58,146 INFO  - Starting TCP listener on address 0.0.0.0 and port 1883
2024-05-24 00:23:58,219 INFO  - Starting Websocket listener on address 0.0.0.0 and port 8000
2024-05-24 00:23:58,225 INFO  - Started TCP Listener on address 0.0.0.0 and on port 1883.
2024-05-24 00:23:58,226 INFO  - Started Websocket Listener on address 0.0.0.0 and on port 8000.
2024-05-24 00:23:58,226 INFO  - Started EmbeddedHiveMQ in 13564ms
2024-05-24 00:23:58,226 INFO  - Embedded MQTT server started successfully.
2024-05-24 00:26:54,484 INFO  - Stopping EmbeddedHiveMQ.
2024-05-24 00:26:54,490 INFO  - Shutting down HiveMQ. Please wait, this could take a while...
2024-05-24 00:26:56,621 INFO  - Shutting down extension system
2024-05-24 00:26:56,627 INFO  - Extension "Allow All Extension" version 1.0.0 stopped successfully.
2024-05-24 00:26:59,028 INFO  - Shutdown completed.
2024-05-24 00:26:59,029 INFO  - Stopped EmbeddedHiveMQ in 4542ms
2024-05-24 00:26:59,029 INFO  - Closing EmbeddedHiveMQ.
2024-05-24 00:26:59,031 INFO  - Embedded MQTT server stopped.
2024-05-24 00:26:59,768 INFO  - Setting default authentication behavior to ALLOW ALL
2024-05-24 00:26:59,784 INFO  - Starting EmbeddedHiveMQ.
2024-05-24 00:26:59,788 INFO  - HiveMQ version: Development Snapshot
2024-05-24 00:26:59,858 INFO  - Log Configuration was overridden by /Users/jackb/Code/Master/Backend/staiged_backend/broker/mqtt_embedded_conf/conf/logback.xml
2024-05-24 00:26:59,832 INFO  - Starting HiveMQ Community Edition Server
2024-05-24 00:26:59,859 INFO  - This HiveMQ ID is hUFuy
2024-05-24 00:27:10,997 INFO  - Starting with file persistence mode.
2024-05-24 00:27:11,172 INFO  - Starting HiveMQ extension system.
2024-05-24 00:27:11,189 WARN  - 
################################################################################################################
# This HiveMQ deployment is not secure! You are lacking Authentication and Authorization.                      #
# Right now any MQTT client can connect to the broker with a full set of permissions.                          #
# For production usage, add an appropriate security extension and remove the hivemq-allow-all extension.       #
# You can download security extensions from the HiveMQ Marketplace (https://www.hivemq.com/extensions/).       #
################################################################################################################
2024-05-24 00:27:11,190 INFO  - Extension "Allow All Extension" version 1.0.0 started successfully.
2024-05-24 00:27:11,190 INFO  - Starting TCP listener on address 0.0.0.0 and port 1883
2024-05-24 00:27:11,192 INFO  - Starting Websocket listener on address 0.0.0.0 and port 8000
2024-05-24 00:27:11,193 INFO  - Started TCP Listener on address 0.0.0.0 and on port 1883.
2024-05-24 00:27:11,193 INFO  - Started Websocket Listener on address 0.0.0.0 and on port 8000.
2024-05-24 00:27:11,193 INFO  - Started EmbeddedHiveMQ in 11409ms
2024-05-24 00:27:11,194 INFO  - Embedded MQTT server started successfully.
2024-05-24 00:28:28,564 INFO  - Log Configuration was overridden by /Users/jackb/Code/Master/Backend/staiged_backend/broker/mqtt_embedded_conf/conf/logback.xml
2024-05-24 00:28:28,466 INFO  - Starting HiveMQ Community Edition Server
2024-05-24 00:28:28,581 INFO  - This HiveMQ ID is NQ8Nn
2024-05-24 00:28:41,575 INFO  - Starting with file persistence mode.
2024-05-24 00:28:42,324 INFO  - Starting HiveMQ extension system.
2024-05-24 00:28:42,370 WARN  - 
################################################################################################################
# This HiveMQ deployment is not secure! You are lacking Authentication and Authorization.                      #
# Right now any MQTT client can connect to the broker with a full set of permissions.                          #
# For production usage, add an appropriate security extension and remove the hivemq-allow-all extension.       #
# You can download security extensions from the HiveMQ Marketplace (https://www.hivemq.com/extensions/).       #
################################################################################################################
2024-05-24 00:28:42,371 INFO  - Extension "Allow All Extension" version 1.0.0 started successfully.
2024-05-24 00:28:42,408 INFO  - Starting TCP listener on address 0.0.0.0 and port 1883
2024-05-24 00:28:42,462 INFO  - Starting Websocket listener on address 0.0.0.0 and port 8000
2024-05-24 00:28:42,468 INFO  - Started TCP Listener on address 0.0.0.0 and on port 1883.
2024-05-24 00:28:42,468 INFO  - Started Websocket Listener on address 0.0.0.0 and on port 8000.
2024-05-24 00:28:42,468 INFO  - Started EmbeddedHiveMQ in 14299ms
2024-05-24 00:28:42,469 INFO  - Embedded MQTT server started successfully.
2024-05-24 10:33:42,875 INFO  - Log Configuration was overridden by /Users/jackb/Code/Master/Backend/staiged_backend/broker/mqtt_embedded_conf/conf/logback.xml
2024-05-24 10:33:42,803 INFO  - Starting HiveMQ Community Edition Server
2024-05-24 10:33:42,889 INFO  - This HiveMQ ID is VnZtl
2024-05-24 10:33:55,154 INFO  - Starting with file persistence mode.
2024-05-24 10:33:55,738 INFO  - Starting HiveMQ extension system.
2024-05-24 10:33:55,807 WARN  - 
################################################################################################################
# This HiveMQ deployment is not secure! You are lacking Authentication and Authorization.                      #
# Right now any MQTT client can connect to the broker with a full set of permissions.                          #
# For production usage, add an appropriate security extension and remove the hivemq-allow-all extension.       #
# You can download security extensions from the HiveMQ Marketplace (https://www.hivemq.com/extensions/).       #
################################################################################################################
2024-05-24 10:33:55,808 INFO  - Extension "Allow All Extension" version 1.0.0 started successfully.
2024-05-24 10:33:55,839 INFO  - Starting TCP listener on address 0.0.0.0 and port 1883
2024-05-24 10:33:55,891 INFO  - Starting Websocket listener on address 0.0.0.0 and port 8000
2024-05-24 10:33:55,898 INFO  - Started TCP Listener on address 0.0.0.0 and on port 1883.
2024-05-24 10:33:55,898 INFO  - Started Websocket Listener on address 0.0.0.0 and on port 8000.
2024-05-24 10:33:55,898 INFO  - Started EmbeddedHiveMQ in 13284ms
2024-05-24 10:33:55,898 INFO  - Embedded MQTT server started successfully.
2024-05-24 10:34:05,900 INFO  - Stopping EmbeddedHiveMQ.
2024-05-24 10:34:05,900 INFO  - Shutting down HiveMQ. Please wait, this could take a while...
2024-05-24 10:34:08,005 INFO  - Shutting down extension system
2024-05-24 10:34:08,008 INFO  - Extension "Allow All Extension" version 1.0.0 stopped successfully.
2024-05-24 10:34:10,322 INFO  - Shutdown completed.
2024-05-24 10:34:10,323 INFO  - Closing EmbeddedHiveMQ.
2024-05-24 10:34:10,323 INFO  - Stopped EmbeddedHiveMQ in 4423ms
2024-05-24 10:34:10,325 INFO  - Embedded MQTT server stopped.
2024-05-24 10:35:05,599 INFO  - Log Configuration was overridden by /Users/jackb/Code/Master/Backend/staiged_backend/broker/mqtt_embedded_conf/conf/logback.xml
2024-05-24 10:35:05,436 INFO  - Starting HiveMQ Community Edition Server
2024-05-24 10:35:05,623 INFO  - This HiveMQ ID is c3CbH
2024-05-24 10:35:18,082 INFO  - Starting with file persistence mode.
2024-05-24 10:35:18,636 INFO  - Starting HiveMQ extension system.
2024-05-24 10:35:18,672 WARN  - 
################################################################################################################
# This HiveMQ deployment is not secure! You are lacking Authentication and Authorization.                      #
# Right now any MQTT client can connect to the broker with a full set of permissions.                          #
# For production usage, add an appropriate security extension and remove the hivemq-allow-all extension.       #
# You can download security extensions from the HiveMQ Marketplace (https://www.hivemq.com/extensions/).       #
################################################################################################################
2024-05-24 10:35:18,672 INFO  - Extension "Allow All Extension" version 1.0.0 started successfully.
2024-05-24 10:35:18,704 INFO  - Starting TCP listener on address 0.0.0.0 and port 1883
2024-05-24 10:35:18,746 INFO  - Starting Websocket listener on address 0.0.0.0 and port 8000
2024-05-24 10:35:18,752 INFO  - Started TCP Listener on address 0.0.0.0 and on port 1883.
2024-05-24 10:35:18,752 INFO  - Started Websocket Listener on address 0.0.0.0 and on port 8000.
2024-05-24 10:35:18,752 INFO  - Started EmbeddedHiveMQ in 13605ms
2024-05-24 10:35:18,752 INFO  - Embedded MQTT server started successfully.
2024-05-24 11:00:08,976 INFO  - Log Configuration was overridden by /Users/jackb/Code/Master/Backend/staiged_backend/broker/mqtt_embedded_conf/conf/logback.xml
2024-05-24 11:00:08,862 INFO  - Starting HiveMQ Community Edition Server
2024-05-24 11:00:08,995 INFO  - This HiveMQ ID is 2X3Rn
2024-05-24 11:00:21,776 INFO  - Starting with file persistence mode.
2024-05-24 11:00:22,497 INFO  - Starting HiveMQ extension system.
2024-05-24 11:00:22,571 WARN  - 
################################################################################################################
# This HiveMQ deployment is not secure! You are lacking Authentication and Authorization.                      #
# Right now any MQTT client can connect to the broker with a full set of permissions.                          #
# For production usage, add an appropriate security extension and remove the hivemq-allow-all extension.       #
# You can download security extensions from the HiveMQ Marketplace (https://www.hivemq.com/extensions/).       #
################################################################################################################
2024-05-24 11:00:22,572 INFO  - Extension "Allow All Extension" version 1.0.0 started successfully.
2024-05-24 11:00:22,610 INFO  - Starting TCP listener on address 0.0.0.0 and port 1883
2024-05-24 11:00:22,665 INFO  - Starting Websocket listener on address 0.0.0.0 and port 8000
2024-05-24 11:00:22,671 INFO  - Started TCP Listener on address 0.0.0.0 and on port 1883.
2024-05-24 11:00:22,671 INFO  - Started Websocket Listener on address 0.0.0.0 and on port 8000.
2024-05-24 11:00:22,671 INFO  - Started EmbeddedHiveMQ in 14072ms
2024-05-24 11:00:22,672 INFO  - Embedded MQTT server started successfully.
2024-05-24 11:23:58,358 INFO  - Stopping EmbeddedHiveMQ.
2024-05-24 11:23:58,372 INFO  - Shutting down HiveMQ. Please wait, this could take a while...
2024-05-24 11:24:00,634 INFO  - Shutting down extension system
2024-05-24 11:24:00,645 INFO  - Extension "Allow All Extension" version 1.0.0 stopped successfully.
2024-05-24 11:24:03,390 INFO  - Shutdown completed.
2024-05-24 11:24:03,393 INFO  - Closing EmbeddedHiveMQ.
2024-05-24 11:24:03,393 INFO  - Stopped EmbeddedHiveMQ in 5030ms
2024-05-24 11:24:03,394 INFO  - Embedded MQTT server stopped.
2024-05-24 11:29:51,791 INFO  - Setting default authentication behavior to ALLOW ALL
2024-05-24 11:29:51,817 INFO  - Starting EmbeddedHiveMQ.
2024-05-24 11:29:51,825 INFO  - HiveMQ version: Development Snapshot
2024-05-24 11:29:51,891 INFO  - Log Configuration was overridden by /Users/jackb/Code/Master/Backend/staiged_backend/broker/mqtt_embedded_conf/conf/logback.xml
2024-05-24 11:29:51,866 INFO  - Starting HiveMQ Community Edition Server
2024-05-24 11:29:51,892 INFO  - This HiveMQ ID is tACCM
2024-05-24 11:30:05,682 INFO  - Starting with file persistence mode.
2024-05-24 11:30:05,998 INFO  - Starting HiveMQ extension system.
2024-05-24 11:30:06,017 WARN  - 
################################################################################################################
# This HiveMQ deployment is not secure! You are lacking Authentication and Authorization.                      #
# Right now any MQTT client can connect to the broker with a full set of permissions.                          #
# For production usage, add an appropriate security extension and remove the hivemq-allow-all extension.       #
# You can download security extensions from the HiveMQ Marketplace (https://www.hivemq.com/extensions/).       #
################################################################################################################
2024-05-24 11:30:06,019 INFO  - Extension "Allow All Extension" version 1.0.0 started successfully.
2024-05-24 11:30:06,020 INFO  - Starting TCP listener on address 0.0.0.0 and port 1883
2024-05-24 11:30:06,024 INFO  - Starting Websocket listener on address 0.0.0.0 and port 8000
2024-05-24 11:30:06,025 INFO  - Started TCP Listener on address 0.0.0.0 and on port 1883.
2024-05-24 11:30:06,026 INFO  - Started Websocket Listener on address 0.0.0.0 and on port 8000.
2024-05-24 11:30:06,026 INFO  - Started EmbeddedHiveMQ in 14209ms
2024-05-24 11:30:06,026 INFO  - Embedded MQTT server started successfully.
2024-05-24 11:30:20,543 INFO  - Stopping EmbeddedHiveMQ.
2024-05-24 11:30:20,545 INFO  - Shutting down HiveMQ. Please wait, this could take a while...
2024-05-24 11:30:22,691 INFO  - Shutting down extension system
2024-05-24 11:30:22,691 INFO  - Extension "Allow All Extension" version 1.0.0 stopped successfully.
2024-05-24 11:30:25,105 INFO  - Shutdown completed.
2024-05-24 11:30:25,105 INFO  - Closing EmbeddedHiveMQ.
2024-05-24 11:30:25,105 INFO  - Stopped EmbeddedHiveMQ in 4560ms
2024-05-24 11:30:25,109 INFO  - Embedded MQTT server stopped.
2024-05-24 11:30:25,109 INFO  - Setting default authentication behavior to ALLOW ALL
2024-05-24 11:30:25,113 INFO  - Starting EmbeddedHiveMQ.
2024-05-24 11:30:25,115 INFO  - HiveMQ version: Development Snapshot
2024-05-24 11:30:25,139 INFO  - Log Configuration was overridden by /Users/jackb/Code/Master/Backend/staiged_backend/broker/mqtt_embedded_conf/conf/logback.xml
2024-05-24 11:30:25,128 INFO  - Starting HiveMQ Community Edition Server
2024-05-24 11:30:25,139 INFO  - This HiveMQ ID is JUHTr
2024-05-24 11:30:37,012 INFO  - Starting with file persistence mode.
2024-05-24 11:30:37,079 INFO  - Starting HiveMQ extension system.
2024-05-24 11:30:37,087 WARN  - 
################################################################################################################
# This HiveMQ deployment is not secure! You are lacking Authentication and Authorization.                      #
# Right now any MQTT client can connect to the broker with a full set of permissions.                          #
# For production usage, add an appropriate security extension and remove the hivemq-allow-all extension.       #
# You can download security extensions from the HiveMQ Marketplace (https://www.hivemq.com/extensions/).       #
################################################################################################################
2024-05-24 11:30:37,088 INFO  - Extension "Allow All Extension" version 1.0.0 started successfully.
2024-05-24 11:30:37,088 INFO  - Starting TCP listener on address 0.0.0.0 and port 1883
2024-05-24 11:30:37,089 INFO  - Starting Websocket listener on address 0.0.0.0 and port 8000
2024-05-24 11:30:37,089 INFO  - Started TCP Listener on address 0.0.0.0 and on port 1883.
2024-05-24 11:30:37,090 INFO  - Started Websocket Listener on address 0.0.0.0 and on port 8000.
2024-05-24 11:30:37,090 INFO  - Started EmbeddedHiveMQ in 11977ms
2024-05-24 11:30:37,090 INFO  - Embedded MQTT server started successfully.
2024-05-24 11:36:51,387 INFO  - Log Configuration was overridden by /Users/jackb/Code/Master/Backend/staiged_backend/broker/mqtt_embedded_conf/conf/logback.xml
2024-05-24 11:36:51,312 INFO  - Starting HiveMQ Community Edition Server
2024-05-24 11:36:51,403 INFO  - This HiveMQ ID is pkx9X
2024-05-24 11:37:05,032 INFO  - Starting with file persistence mode.
2024-05-24 11:37:06,303 INFO  - Starting HiveMQ extension system.
2024-05-24 11:37:06,391 WARN  - 
################################################################################################################
# This HiveMQ deployment is not secure! You are lacking Authentication and Authorization.                      #
# Right now any MQTT client can connect to the broker with a full set of permissions.                          #
# For production usage, add an appropriate security extension and remove the hivemq-allow-all extension.       #
# You can download security extensions from the HiveMQ Marketplace (https://www.hivemq.com/extensions/).       #
################################################################################################################
2024-05-24 11:37:06,392 INFO  - Extension "Allow All Extension" version 1.0.0 started successfully.
2024-05-24 11:37:06,432 INFO  - Starting TCP listener on address 0.0.0.0 and port 1883
2024-05-24 11:37:06,516 INFO  - Starting Websocket listener on address 0.0.0.0 and port 8000
2024-05-24 11:37:06,525 INFO  - Started TCP Listener on address 0.0.0.0 and on port 1883.
2024-05-24 11:37:06,525 INFO  - Started Websocket Listener on address 0.0.0.0 and on port 8000.
2024-05-24 11:37:06,525 INFO  - Started EmbeddedHiveMQ in 15413ms
2024-05-24 11:37:06,525 INFO  - Embedded MQTT server started successfully.
2024-05-24 11:39:42,807 INFO  - Log Configuration was overridden by /Users/jackb/Code/Master/Backend/staiged_backend/broker/mqtt_embedded_conf/conf/logback.xml
2024-05-24 11:39:42,732 INFO  - Starting HiveMQ Community Edition Server
2024-05-24 11:39:42,820 INFO  - This HiveMQ ID is tZfX0
2024-05-24 11:39:53,406 INFO  - Starting with file persistence mode.
2024-05-24 11:39:54,048 INFO  - Starting HiveMQ extension system.
2024-05-24 11:39:54,089 WARN  - 
################################################################################################################
# This HiveMQ deployment is not secure! You are lacking Authentication and Authorization.                      #
# Right now any MQTT client can connect to the broker with a full set of permissions.                          #
# For production usage, add an appropriate security extension and remove the hivemq-allow-all extension.       #
# You can download security extensions from the HiveMQ Marketplace (https://www.hivemq.com/extensions/).       #
################################################################################################################
2024-05-24 11:39:54,090 INFO  - Extension "Allow All Extension" version 1.0.0 started successfully.
2024-05-24 11:39:54,125 INFO  - Starting TCP listener on address 0.0.0.0 and port 1883
2024-05-24 11:39:54,185 INFO  - Starting Websocket listener on address 0.0.0.0 and port 8000
2024-05-24 11:39:54,191 INFO  - Started TCP Listener on address 0.0.0.0 and on port 1883.
2024-05-24 11:39:54,191 INFO  - Started Websocket Listener on address 0.0.0.0 and on port 8000.
2024-05-24 11:39:54,191 INFO  - Started EmbeddedHiveMQ in 11677ms
2024-05-24 11:39:54,191 INFO  - Embedded MQTT server started successfully.
2024-05-24 11:41:07,641 INFO  - Log Configuration was overridden by /Users/jackb/Code/Master/Backend/staiged_backend/broker/mqtt_embedded_conf/conf/logback.xml
2024-05-24 11:41:07,579 INFO  - Starting HiveMQ Community Edition Server
2024-05-24 11:41:07,657 INFO  - This HiveMQ ID is Bezxh
2024-05-24 11:41:18,780 INFO  - Starting with file persistence mode.
2024-05-24 11:41:19,304 INFO  - Starting HiveMQ extension system.
2024-05-24 11:41:19,345 WARN  - 
################################################################################################################
# This HiveMQ deployment is not secure! You are lacking Authentication and Authorization.                      #
# Right now any MQTT client can connect to the broker with a full set of permissions.                          #
# For production usage, add an appropriate security extension and remove the hivemq-allow-all extension.       #
# You can download security extensions from the HiveMQ Marketplace (https://www.hivemq.com/extensions/).       #
################################################################################################################
2024-05-24 11:41:19,346 INFO  - Extension "Allow All Extension" version 1.0.0 started successfully.
2024-05-24 11:41:19,405 INFO  - Starting TCP listener on address 0.0.0.0 and port 1883
2024-05-24 11:41:19,456 INFO  - Starting Websocket listener on address 0.0.0.0 and port 8000
2024-05-24 11:41:19,462 INFO  - Started TCP Listener on address 0.0.0.0 and on port 1883.
2024-05-24 11:41:19,462 INFO  - Started Websocket Listener on address 0.0.0.0 and on port 8000.
2024-05-24 11:41:19,462 INFO  - Started EmbeddedHiveMQ in 12067ms
2024-05-24 11:41:19,462 INFO  - Embedded MQTT server started successfully.
2024-05-24 11:45:56,625 INFO  - Stopping EmbeddedHiveMQ.
2024-05-24 11:45:56,629 INFO  - Shutting down HiveMQ. Please wait, this could take a while...
2024-05-24 11:45:58,882 INFO  - Shutting down extension system
2024-05-24 11:45:58,887 INFO  - Extension "Allow All Extension" version 1.0.0 stopped successfully.
2024-05-24 11:46:01,753 INFO  - Shutdown completed.
2024-05-24 11:46:01,754 INFO  - Closing EmbeddedHiveMQ.
2024-05-24 11:46:01,754 INFO  - Stopped EmbeddedHiveMQ in 5126ms
2024-05-24 11:46:01,755 INFO  - Embedded MQTT server stopped.
2024-05-24 12:07:57,428 INFO  - Setting default authentication behavior to ALLOW ALL
2024-05-24 12:07:57,502 INFO  - Starting EmbeddedHiveMQ.
2024-05-24 12:07:57,511 INFO  - HiveMQ version: Development Snapshot
2024-05-24 12:07:57,592 INFO  - Log Configuration was overridden by /Users/jackb/Code/Master/Backend/staiged_backend/broker/mqtt_embedded_conf/conf/logback.xml
2024-05-24 12:07:57,567 INFO  - Starting HiveMQ Community Edition Server
2024-05-24 12:07:57,594 INFO  - This HiveMQ ID is EXMdi
2024-05-24 12:08:09,973 INFO  - Starting with file persistence mode.
2024-05-24 12:08:10,155 INFO  - Starting HiveMQ extension system.
2024-05-24 12:08:10,181 WARN  - 
################################################################################################################
# This HiveMQ deployment is not secure! You are lacking Authentication and Authorization.                      #
# Right now any MQTT client can connect to the broker with a full set of permissions.                          #
# For production usage, add an appropriate security extension and remove the hivemq-allow-all extension.       #
# You can download security extensions from the HiveMQ Marketplace (https://www.hivemq.com/extensions/).       #
################################################################################################################
2024-05-24 12:08:10,190 INFO  - Extension "Allow All Extension" version 1.0.0 started successfully.
2024-05-24 12:08:10,211 INFO  - Starting TCP listener on address 0.0.0.0 and port 1883
2024-05-24 12:08:10,215 INFO  - Starting Websocket listener on address 0.0.0.0 and port 8000
2024-05-24 12:08:10,235 INFO  - Started TCP Listener on address 0.0.0.0 and on port 1883.
2024-05-24 12:08:10,256 INFO  - Started Websocket Listener on address 0.0.0.0 and on port 8000.
2024-05-24 12:08:10,256 INFO  - Started EmbeddedHiveMQ in 12754ms
2024-05-24 12:08:10,256 INFO  - Embedded MQTT server started successfully.
2024-05-24 12:20:47,540 INFO  - Log Configuration was overridden by /Users/jackb/Code/Master/Backend/staiged_backend/broker/mqtt_embedded_conf/conf/logback.xml
2024-05-24 12:20:47,436 INFO  - Starting HiveMQ Community Edition Server
2024-05-24 12:20:47,556 INFO  - This HiveMQ ID is YSQu7
2024-05-24 12:21:00,459 INFO  - Starting with file persistence mode.
2024-05-24 12:21:01,323 INFO  - Starting HiveMQ extension system.
2024-05-24 12:21:01,378 WARN  - 
################################################################################################################
# This HiveMQ deployment is not secure! You are lacking Authentication and Authorization.                      #
# Right now any MQTT client can connect to the broker with a full set of permissions.                          #
# For production usage, add an appropriate security extension and remove the hivemq-allow-all extension.       #
# You can download security extensions from the HiveMQ Marketplace (https://www.hivemq.com/extensions/).       #
################################################################################################################
2024-05-24 12:21:01,379 INFO  - Extension "Allow All Extension" version 1.0.0 started successfully.
2024-05-24 12:21:01,425 INFO  - Starting TCP listener on address 0.0.0.0 and port 1883
2024-05-24 12:21:01,494 INFO  - Starting Websocket listener on address 0.0.0.0 and port 8000
2024-05-24 12:21:01,502 INFO  - Started TCP Listener on address 0.0.0.0 and on port 1883.
2024-05-24 12:21:01,502 INFO  - Started Websocket Listener on address 0.0.0.0 and on port 8000.
2024-05-24 12:21:01,503 INFO  - Started EmbeddedHiveMQ in 14386ms
2024-05-24 12:21:01,503 INFO  - Embedded MQTT server started successfully.
2024-05-24 12:27:32,935 INFO  - Log Configuration was overridden by /Users/jackb/Code/Master/Backend/staiged_backend/broker/mqtt_embedded_conf/conf/logback.xml
2024-05-24 12:27:32,804 INFO  - Starting HiveMQ Community Edition Server
2024-05-24 12:27:32,957 INFO  - This HiveMQ ID is Jh69e
2024-05-24 12:27:44,775 INFO  - Starting with file persistence mode.
2024-05-24 12:27:45,645 INFO  - Starting HiveMQ extension system.
2024-05-24 12:27:45,705 WARN  - 
################################################################################################################
# This HiveMQ deployment is not secure! You are lacking Authentication and Authorization.                      #
# Right now any MQTT client can connect to the broker with a full set of permissions.                          #
# For production usage, add an appropriate security extension and remove the hivemq-allow-all extension.       #
# You can download security extensions from the HiveMQ Marketplace (https://www.hivemq.com/extensions/).       #
################################################################################################################
2024-05-24 12:27:45,706 INFO  - Extension "Allow All Extension" version 1.0.0 started successfully.
2024-05-24 12:27:45,752 INFO  - Starting TCP listener on address 0.0.0.0 and port 1883
2024-05-24 12:27:45,826 INFO  - Starting Websocket listener on address 0.0.0.0 and port 8000
2024-05-24 12:27:45,834 INFO  - Started TCP Listener on address 0.0.0.0 and on port 1883.
2024-05-24 12:27:45,835 INFO  - Started Websocket Listener on address 0.0.0.0 and on port 8000.
2024-05-24 12:27:45,835 INFO  - Started EmbeddedHiveMQ in 13358ms
2024-05-24 12:27:45,835 INFO  - Embedded MQTT server started successfully.
2024-05-24 15:29:43,471 INFO  - Log Configuration was overridden by /Users/jackb/Code/Master/Backend/staiged_backend/broker/mqtt_embedded_conf/conf/logback.xml
2024-05-24 15:29:43,377 INFO  - Starting HiveMQ Community Edition Server
2024-05-24 15:29:43,491 INFO  - This HiveMQ ID is YOnTL
2024-05-24 15:29:56,191 INFO  - Starting with file persistence mode.
2024-05-24 15:29:56,799 INFO  - Starting HiveMQ extension system.
2024-05-24 15:29:56,860 WARN  - 
################################################################################################################
# This HiveMQ deployment is not secure! You are lacking Authentication and Authorization.                      #
# Right now any MQTT client can connect to the broker with a full set of permissions.                          #
# For production usage, add an appropriate security extension and remove the hivemq-allow-all extension.       #
# You can download security extensions from the HiveMQ Marketplace (https://www.hivemq.com/extensions/).       #
################################################################################################################
2024-05-24 15:29:56,861 INFO  - Extension "Allow All Extension" version 1.0.0 started successfully.
2024-05-24 15:29:56,900 INFO  - Starting TCP listener on address 0.0.0.0 and port 1883
2024-05-24 15:29:56,978 INFO  - Starting Websocket listener on address 0.0.0.0 and port 8000
2024-05-24 15:29:56,985 INFO  - Started TCP Listener on address 0.0.0.0 and on port 1883.
2024-05-24 15:29:56,986 INFO  - Started Websocket Listener on address 0.0.0.0 and on port 8000.
2024-05-24 15:29:56,986 INFO  - Started EmbeddedHiveMQ in 13870ms
2024-05-24 15:29:56,986 INFO  - Embedded MQTT server started successfully.
