2024-05-23 13:24:54,854 INFO  - Log Configuration was overridden by /Users/jackb/Code/Master/Backend/staiged_backend/broker/mqtt_embedded_conf/conf/logback.xml
2024-05-23 13:24:54,759 INFO  - Starting HiveMQ Community Edition Server
2024-05-23 13:24:54,873 INFO  - This HiveMQ ID is twAXO
2024-05-23 13:25:05,798 INFO  - Starting with file persistence mode.
2024-05-23 13:25:07,198 INFO  - Starting HiveMQ extension system.
2024-05-23 13:25:08,146 WARN  - 
################################################################################################################
# This HiveMQ deployment is not secure! You are lacking Authentication and Authorization.                      #
# Right now any MQTT client can connect to the broker with a full set of permissions.                          #
# For production usage, add an appropriate security extension and remove the hivemq-allow-all extension.       #
# You can download security extensions from the HiveMQ Marketplace (https://www.hivemq.com/extensions/).       #
################################################################################################################
2024-05-23 13:25:08,148 INFO  - Extension "Allow All Extension" version 1.0.0 started successfully.
2024-05-23 13:25:08,232 INFO  - Starting TCP listener on address 0.0.0.0 and port 1883
2024-05-23 13:25:09,677 INFO  - Started TCP Listener on address 0.0.0.0 and on port 1883.
2024-05-23 13:25:09,682 INFO  - Started EmbeddedHiveMQ in 15193ms
2024-05-23 13:25:09,683 INFO  - Embedded MQTT server started successfully.
2024-05-23 13:40:42,215 INFO  - Log Configuration was overridden by /Users/jackb/Code/Master/Backend/staiged_backend/broker/mqtt_embedded_conf/conf/logback.xml
2024-05-23 13:40:42,119 INFO  - Starting HiveMQ Community Edition Server
2024-05-23 13:40:42,231 INFO  - This HiveMQ ID is 7HRZx
2024-05-23 13:40:52,104 INFO  - Starting with file persistence mode.
2024-05-23 13:40:52,824 INFO  - Starting HiveMQ extension system.
2024-05-23 13:40:52,902 WARN  - 
################################################################################################################
# This HiveMQ deployment is not secure! You are lacking Authentication and Authorization.                      #
# Right now any MQTT client can connect to the broker with a full set of permissions.                          #
# For production usage, add an appropriate security extension and remove the hivemq-allow-all extension.       #
# You can download security extensions from the HiveMQ Marketplace (https://www.hivemq.com/extensions/).       #
################################################################################################################
2024-05-23 13:40:52,903 INFO  - Extension "Allow All Extension" version 1.0.0 started successfully.
2024-05-23 13:40:52,947 INFO  - Starting TCP listener on address 0.0.0.0 and port 1883
2024-05-23 13:40:53,035 INFO  - Started TCP Listener on address 0.0.0.0 and on port 1883.
2024-05-23 13:40:53,035 INFO  - Started EmbeddedHiveMQ in 11144ms
2024-05-23 13:40:53,036 INFO  - Embedded MQTT server started successfully.
