2024-04-10 13:59:33,765 INFO  - Log Configuration was overridden by /Users/jackb/Code/Master/Backend/staiged-backend/staiged_backend/hivemq-ce-2024.3/conf/logback.xml
2024-04-10 13:59:33,653 INFO  - Starting HiveMQ Community Edition Server
2024-04-10 13:59:33,655 INFO  - HiveMQ version: 2024.3
2024-04-10 13:59:33,655 INFO  - HiveMQ home directory: /Users/jackb/Code/Master/Backend/staiged-backend/staiged_backend/hivemq-ce-2024.3
2024-04-10 13:59:34,083 INFO  - This HiveMQ ID is zpqi6
2024-04-10 14:02:18,478 INFO  - Log Configuration was overridden by /Users/jackb/Code/Master/Backend/staiged-backend/staiged_backend/hivemq-ce-2024.3/conf/logback.xml
2024-04-10 14:02:18,369 INFO  - Starting HiveMQ Community Edition Server
2024-04-10 14:02:18,371 INFO  - HiveMQ version: 2024.3
2024-04-10 14:02:18,371 INFO  - HiveMQ home directory: /Users/jackb/Code/Master/Backend/staiged-backend/staiged_backend/hivemq-ce-2024.3
2024-04-10 14:02:18,746 INFO  - This HiveMQ ID is RyYb9
2024-04-10 14:02:34,651 INFO  - Persistence types has been changed, migrating persistent data.
2024-04-10 14:02:34,695 INFO  - Migrating File Persistences (this can take a few minutes).
2024-04-10 14:02:34,698 INFO  - File Persistences successfully migrated in 3 ms
2024-04-10 14:02:52,206 INFO  - Starting with file persistence mode.
2024-04-10 14:02:53,256 INFO  - Starting HiveMQ extension system.
2024-04-10 14:02:53,342 WARN  - 
################################################################################################################
# This HiveMQ deployment is not secure! You are lacking Authentication and Authorization.                      #
# Right now any MQTT client can connect to the broker with a full set of permissions.                          #
# For production usage, add an appropriate security extension and remove the hivemq-allow-all extension.       #
# You can download security extensions from the HiveMQ Marketplace (https://www.hivemq.com/extensions/).       #
################################################################################################################
2024-04-10 14:02:53,344 INFO  - Extension "Allow All Extension" version 1.0.0 started successfully.
2024-04-10 14:02:53,401 INFO  - Starting TCP listener on address 0.0.0.0 and port 1883
2024-04-10 14:02:53,488 INFO  - Started TCP Listener on address 0.0.0.0 and on port 1883.
2024-04-10 14:02:53,489 INFO  - Started HiveMQ in 35125ms
2024-04-10 14:05:05,628 INFO  - Shutting down HiveMQ. Please wait, this could take a while...
2024-04-10 14:05:07,740 INFO  - Shutting down extension system
2024-04-10 14:05:07,745 INFO  - Extension "Allow All Extension" version 1.0.0 stopped successfully.
2024-04-10 14:05:14,133 INFO  - Shutdown completed.
2024-04-10 14:05:17,423 INFO  - Log Configuration was overridden by /Users/jackb/Code/Master/Backend/staiged-backend/staiged_backend/hivemq-ce-2024.3/conf/logback.xml
2024-04-10 14:05:17,342 INFO  - Starting HiveMQ Community Edition Server
2024-04-10 14:05:17,343 INFO  - HiveMQ version: 2024.3
2024-04-10 14:05:17,343 INFO  - HiveMQ home directory: /Users/jackb/Code/Master/Backend/staiged-backend/staiged_backend/hivemq-ce-2024.3
2024-04-10 14:05:17,660 INFO  - This HiveMQ ID is qvJCK
2024-04-10 14:05:28,583 INFO  - Starting with file persistence mode.
2024-04-10 14:05:29,163 INFO  - Starting HiveMQ extension system.
2024-04-10 14:05:29,208 WARN  - 
################################################################################################################
# This HiveMQ deployment is not secure! You are lacking Authentication and Authorization.                      #
# Right now any MQTT client can connect to the broker with a full set of permissions.                          #
# For production usage, add an appropriate security extension and remove the hivemq-allow-all extension.       #
# You can download security extensions from the HiveMQ Marketplace (https://www.hivemq.com/extensions/).       #
################################################################################################################
2024-04-10 14:05:29,208 INFO  - Extension "Allow All Extension" version 1.0.0 started successfully.
2024-04-10 14:05:29,247 INFO  - Starting TCP listener on address 0.0.0.0 and port 1883
2024-04-10 14:05:29,285 INFO  - Started TCP Listener on address 0.0.0.0 and on port 1883.
2024-04-10 14:05:29,285 INFO  - Started HiveMQ in 11948ms
2024-04-10 14:49:34,053 INFO  - Shutting down HiveMQ. Please wait, this could take a while...
2024-04-10 14:49:36,567 INFO  - Shutting down extension system
2024-04-10 14:49:36,614 INFO  - Extension "Allow All Extension" version 1.0.0 stopped successfully.
2024-04-10 14:49:43,991 INFO  - Shutdown completed.
2024-04-10 14:57:23,140 INFO  - Log Configuration was overridden by /Users/jackb/Code/Master/Backend/staiged-backend/staiged_backend/hivemq-ce-2024.3/conf/logback.xml
2024-04-10 14:57:23,067 INFO  - Starting HiveMQ Community Edition Server
2024-04-10 14:57:23,068 INFO  - HiveMQ version: 2024.3
2024-04-10 14:57:23,068 INFO  - HiveMQ home directory: /Users/jackb/Code/Master/Backend/staiged-backend/staiged_backend/hivemq-ce-2024.3
2024-04-10 14:57:23,366 INFO  - This HiveMQ ID is YGOhq
