2024-04-10 13:59:34,091 INFO  - Checking for migrations (HiveMQ version 2024.3).
2024-04-10 13:59:34,093 INFO  - Skipping migration because no persistence folder is present.
2024-04-10 13:59:34,094 INFO  - Checking for value migrations (HiveMQ version 2024.3).
2024-04-10 13:59:34,094 INFO  - Skipping migration because no persistence folder is present.
2024-04-10 14:02:18,753 INFO  - Checking for migrations (HiveMQ version 2024.3).
2024-04-10 14:02:18,755 INFO  - No meta file present, assuming HiveMQ version 2019.1 => Migration needed.
2024-04-10 14:02:18,776 INFO  - Write metadata file: MetaInformation{hivemqVersion='null', clientSessionPersistenceVersion='null', queuedMessagesPersistenceVersion='null', subscriptionPersistenceVersion='null', retainedMessagesPersistenceVersion='null', publishPayloadPersistenceVersion='null', retainedMessagesPersistenceType='FILE', publishPayloadPersistenceType='FILE'}
2024-04-10 14:02:18,789 INFO  - Found following needed migrations: {publish payload file persistence=FILE_NATIVE, retained message file persistence=FILE_NATIVE}
2024-04-10 14:02:18,791 INFO  - Checking for value migrations (HiveMQ version 2024.3).
2024-04-10 14:02:18,792 INFO  - Read metadata file: MetaInformation{hivemqVersion='null', clientSessionPersistenceVersion='null', queuedMessagesPersistenceVersion='null', subscriptionPersistenceVersion='null', retainedMessagesPersistenceVersion='null', publishPayloadPersistenceVersion='null', retainedMessagesPersistenceType='FILE', publishPayloadPersistenceType='FILE'}
2024-04-10 14:02:18,793 INFO  - Found following needed migrations: [retained message payload id, client queue payload id]
2024-04-10 14:02:34,652 INFO  - Start migration.
2024-04-10 14:02:34,692 INFO  - Migrating retained message payload id.
2024-04-10 14:02:34,693 INFO  - Read metadata file: MetaInformation{hivemqVersion='null', clientSessionPersistenceVersion='null', queuedMessagesPersistenceVersion='null', subscriptionPersistenceVersion='null', retainedMessagesPersistenceVersion='null', publishPayloadPersistenceVersion='null', retainedMessagesPersistenceType='FILE', publishPayloadPersistenceType='FILE'}
2024-04-10 14:02:34,694 INFO  - No (old) persistence folder (retained_messages) present, skipping migration.
2024-04-10 14:02:34,694 INFO  - Migrated retained message payload id successfully in 2 ms
2024-04-10 14:02:34,694 INFO  - Migrating client queue payload id.
2024-04-10 14:02:34,694 INFO  - Read metadata file: MetaInformation{hivemqVersion='null', clientSessionPersistenceVersion='null', queuedMessagesPersistenceVersion='null', subscriptionPersistenceVersion='null', retainedMessagesPersistenceVersion='null', publishPayloadPersistenceVersion='null', retainedMessagesPersistenceType='FILE', publishPayloadPersistenceType='FILE'}
2024-04-10 14:02:34,695 INFO  - No (old) persistence folder (retained_messages) present, skipping migration.
2024-04-10 14:02:34,695 INFO  - Migrated client queue payload id successfully in 1 ms
2024-04-10 14:02:34,695 INFO  - Start File Persistence migration.
2024-04-10 14:02:34,695 INFO  - Migrating publish payload file persistence to type FILE_NATIVE.
2024-04-10 14:02:34,696 INFO  - No (old) persistence folder (publish_payload) present, skipping migration.
2024-04-10 14:02:34,696 INFO  - Migrated publish payload file persistence to type FILE_NATIVE successfully in 1 ms
2024-04-10 14:02:34,696 INFO  - Migrating retained message file persistence to type FILE_NATIVE.
2024-04-10 14:02:34,697 INFO  - No (old) persistence folder (retained_messages) present, skipping migration.
2024-04-10 14:02:34,697 INFO  - Migrated retained message file persistence to type FILE_NATIVE successfully in 1 ms
2024-04-10 14:02:34,698 INFO  - File Persistences successfully migrated in 3 ms
2024-04-10 14:02:52,197 INFO  - Read metadata file: MetaInformation{hivemqVersion='null', clientSessionPersistenceVersion='null', queuedMessagesPersistenceVersion='null', subscriptionPersistenceVersion='null', retainedMessagesPersistenceVersion='null', publishPayloadPersistenceVersion='null', retainedMessagesPersistenceType='FILE', publishPayloadPersistenceType='FILE'}
2024-04-10 14:02:52,205 INFO  - Write metadata file: MetaInformation{hivemqVersion='2024.3', clientSessionPersistenceVersion='040000', queuedMessagesPersistenceVersion='040500', subscriptionPersistenceVersion='040000', retainedMessagesPersistenceVersion='040500_R', publishPayloadPersistenceVersion='040500_R', retainedMessagesPersistenceType='FILE_NATIVE', publishPayloadPersistenceType='FILE_NATIVE'}
2024-04-10 14:02:52,206 INFO  - Finished migration.
2024-04-10 14:05:17,666 INFO  - Checking for migrations (HiveMQ version 2024.3).
2024-04-10 14:05:17,668 INFO  - Read metadata file: MetaInformation{hivemqVersion='2024.3', clientSessionPersistenceVersion='040000', queuedMessagesPersistenceVersion='040500', subscriptionPersistenceVersion='040000', retainedMessagesPersistenceVersion='040500_R', publishPayloadPersistenceVersion='040500_R', retainedMessagesPersistenceType='FILE_NATIVE', publishPayloadPersistenceType='FILE_NATIVE'}
2024-04-10 14:05:17,675 INFO  - Nothing to migrate found.
2024-04-10 14:05:17,676 INFO  - Checking for value migrations (HiveMQ version 2024.3).
2024-04-10 14:05:17,676 INFO  - Read metadata file: MetaInformation{hivemqVersion='2024.3', clientSessionPersistenceVersion='040000', queuedMessagesPersistenceVersion='040500', subscriptionPersistenceVersion='040000', retainedMessagesPersistenceVersion='040500_R', publishPayloadPersistenceVersion='040500_R', retainedMessagesPersistenceType='FILE_NATIVE', publishPayloadPersistenceType='FILE_NATIVE'}
2024-04-10 14:05:17,676 INFO  - Nothing to migrate found.
2024-04-10 14:05:28,563 INFO  - Read metadata file: MetaInformation{hivemqVersion='2024.3', clientSessionPersistenceVersion='040000', queuedMessagesPersistenceVersion='040500', subscriptionPersistenceVersion='040000', retainedMessagesPersistenceVersion='040500_R', publishPayloadPersistenceVersion='040500_R', retainedMessagesPersistenceType='FILE_NATIVE', publishPayloadPersistenceType='FILE_NATIVE'}
2024-04-10 14:05:28,583 INFO  - Write metadata file: MetaInformation{hivemqVersion='2024.3', clientSessionPersistenceVersion='040000', queuedMessagesPersistenceVersion='040500', subscriptionPersistenceVersion='040000', retainedMessagesPersistenceVersion='040500_R', publishPayloadPersistenceVersion='040500_R', retainedMessagesPersistenceType='FILE_NATIVE', publishPayloadPersistenceType='FILE_NATIVE'}
2024-04-10 14:05:28,583 INFO  - Finished migration.
2024-04-10 14:57:23,374 INFO  - Checking for migrations (HiveMQ version 2024.3).
2024-04-10 14:57:23,378 INFO  - Read metadata file: MetaInformation{hivemqVersion='2024.3', clientSessionPersistenceVersion='040000', queuedMessagesPersistenceVersion='040500', subscriptionPersistenceVersion='040000', retainedMessagesPersistenceVersion='040500_R', publishPayloadPersistenceVersion='040500_R', retainedMessagesPersistenceType='FILE_NATIVE', publishPayloadPersistenceType='FILE_NATIVE'}
2024-04-10 14:57:23,388 INFO  - Nothing to migrate found.
2024-04-10 14:57:23,389 INFO  - Checking for value migrations (HiveMQ version 2024.3).
2024-04-10 14:57:23,389 INFO  - Read metadata file: MetaInformation{hivemqVersion='2024.3', clientSessionPersistenceVersion='040000', queuedMessagesPersistenceVersion='040500', subscriptionPersistenceVersion='040000', retainedMessagesPersistenceVersion='040500_R', publishPayloadPersistenceVersion='040500_R', retainedMessagesPersistenceType='FILE_NATIVE', publishPayloadPersistenceType='FILE_NATIVE'}
2024-04-10 14:57:23,389 INFO  - Nothing to migrate found.
2024-04-11 17:28:37,469 INFO  - Checking for migrations (HiveMQ version 2024.3).
2024-04-11 17:28:37,473 INFO  - Read metadata file: MetaInformation{hivemqVersion='2024.3', clientSessionPersistenceVersion='040000', queuedMessagesPersistenceVersion='040500', subscriptionPersistenceVersion='040000', retainedMessagesPersistenceVersion='040500_R', publishPayloadPersistenceVersion='040500_R', retainedMessagesPersistenceType='FILE_NATIVE', publishPayloadPersistenceType='FILE_NATIVE'}
2024-04-11 17:28:37,487 INFO  - Nothing to migrate found.
2024-04-11 17:28:37,487 INFO  - Checking for value migrations (HiveMQ version 2024.3).
2024-04-11 17:28:37,487 INFO  - Read metadata file: MetaInformation{hivemqVersion='2024.3', clientSessionPersistenceVersion='040000', queuedMessagesPersistenceVersion='040500', subscriptionPersistenceVersion='040000', retainedMessagesPersistenceVersion='040500_R', publishPayloadPersistenceVersion='040500_R', retainedMessagesPersistenceType='FILE_NATIVE', publishPayloadPersistenceType='FILE_NATIVE'}
2024-04-11 17:28:37,488 INFO  - Nothing to migrate found.
2024-04-11 17:28:48,931 INFO  - Read metadata file: MetaInformation{hivemqVersion='2024.3', clientSessionPersistenceVersion='040000', queuedMessagesPersistenceVersion='040500', subscriptionPersistenceVersion='040000', retainedMessagesPersistenceVersion='040500_R', publishPayloadPersistenceVersion='040500_R', retainedMessagesPersistenceType='FILE_NATIVE', publishPayloadPersistenceType='FILE_NATIVE'}
2024-04-11 17:28:48,950 INFO  - Write metadata file: MetaInformation{hivemqVersion='2024.3', clientSessionPersistenceVersion='040000', queuedMessagesPersistenceVersion='040500', subscriptionPersistenceVersion='040000', retainedMessagesPersistenceVersion='040500_R', publishPayloadPersistenceVersion='040500_R', retainedMessagesPersistenceType='FILE_NATIVE', publishPayloadPersistenceType='FILE_NATIVE'}
2024-04-11 17:28:48,950 INFO  - Finished migration.
